0 info it worked if it ends with ok
1 verbose cli [ 'C:\\Program Files\\nodejs\\node.exe',
1 verbose cli   'C:\\Program Files\\nodejs\\node_modules\\npm\\bin\\npm-cli.js',
1 verbose cli   'install',
1 verbose cli   '-g',
1 verbose cli   'cloc' ]
2 info using npm@3.8.3
3 info using node@v5.10.0
4 silly loadCurrentTree Starting
5 silly install loadCurrentTree
6 silly install readGlobalPackageData
7 silly fetchPackageMetaData cloc
8 silly fetchNamedPackageData cloc
9 silly mapToRegistry name cloc
10 silly mapToRegistry using default registry
11 silly mapToRegistry registry https://registry.npmjs.org/
12 silly mapToRegistry data Result {
12 silly mapToRegistry   raw: 'cloc',
12 silly mapToRegistry   scope: null,
12 silly mapToRegistry   name: 'cloc',
12 silly mapToRegistry   rawSpec: '',
12 silly mapToRegistry   spec: 'latest',
12 silly mapToRegistry   type: 'tag' }
13 silly mapToRegistry uri https://registry.npmjs.org/cloc
14 verbose request uri https://registry.npmjs.org/cloc
15 verbose request no auth needed
16 info attempt registry request try #1 at 3:52:15 AM
17 verbose request id aa37f0a4686bb477
18 http request GET https://registry.npmjs.org/cloc
19 http 200 https://registry.npmjs.org/cloc
20 verbose headers { server: 'CouchDB/1.5.0 (Erlang OTP/R16B03)',
20 verbose headers   etag: '"F2OPKOV6K3G0Z4FXPTS2TJ6WX"',
20 verbose headers   'content-type': 'application/json',
20 verbose headers   'content-encoding': 'gzip',
20 verbose headers   'cache-control': 'max-age=300',
20 verbose headers   'content-length': '9451',
20 verbose headers   'accept-ranges': 'bytes',
20 verbose headers   date: 'Mon, 10 Oct 2016 02:52:19 GMT',
20 verbose headers   via: '1.1 varnish',
20 verbose headers   age: '0',
20 verbose headers   connection: 'keep-alive',
20 verbose headers   'x-served-by': 'cache-lhr6327-LHR',
20 verbose headers   'x-cache': 'MISS',
20 verbose headers   'x-cache-hits': '0',
20 verbose headers   'x-timer': 'S1476067939.660993,VS0,VE96',
20 verbose headers   vary: 'Accept-Encoding' }
21 silly get cb [ 200,
21 silly get   { server: 'CouchDB/1.5.0 (Erlang OTP/R16B03)',
21 silly get     etag: '"F2OPKOV6K3G0Z4FXPTS2TJ6WX"',
21 silly get     'content-type': 'application/json',
21 silly get     'content-encoding': 'gzip',
21 silly get     'cache-control': 'max-age=300',
21 silly get     'content-length': '9451',
21 silly get     'accept-ranges': 'bytes',
21 silly get     date: 'Mon, 10 Oct 2016 02:52:19 GMT',
21 silly get     via: '1.1 varnish',
21 silly get     age: '0',
21 silly get     connection: 'keep-alive',
21 silly get     'x-served-by': 'cache-lhr6327-LHR',
21 silly get     'x-cache': 'MISS',
21 silly get     'x-cache-hits': '0',
21 silly get     'x-timer': 'S1476067939.660993,VS0,VE96',
21 silly get     vary: 'Accept-Encoding' } ]
22 verbose get saving cloc to C:\Users\achab\AppData\Roaming\npm-cache\registry.npmjs.org\cloc\.cache.json
23 verbose correctMkdir C:\Users\achab\AppData\Roaming\npm-cache correctMkdir not in flight; initializing
24 silly install normalizeTree
25 silly loadCurrentTree Finishing
26 silly loadIdealTree Starting
27 silly install loadIdealTree
28 silly cloneCurrentTree Starting
29 silly install cloneCurrentTreeToIdealTree
30 silly cloneCurrentTree Finishing
31 silly loadShrinkwrap Starting
32 silly install loadShrinkwrap
33 silly loadShrinkwrap Finishing
34 silly loadAllDepsIntoIdealTree Starting
35 silly install loadAllDepsIntoIdealTree
36 silly resolveWithNewModule cloc@2.1.0 checking installable status
37 silly cache add args [ 'cloc', null ]
38 verbose cache add spec cloc
39 silly cache add parsed spec Result {
39 silly cache add   raw: 'cloc',
39 silly cache add   scope: null,
39 silly cache add   name: 'cloc',
39 silly cache add   rawSpec: '',
39 silly cache add   spec: 'latest',
39 silly cache add   type: 'tag' }
40 silly addNamed cloc@latest
41 verbose addNamed "latest" is being treated as a dist-tag for cloc
42 info addNameTag [ 'cloc', 'latest' ]
43 silly mapToRegistry name cloc
44 silly mapToRegistry using default registry
45 silly mapToRegistry registry https://registry.npmjs.org/
46 silly mapToRegistry data Result {
46 silly mapToRegistry   raw: 'cloc',
46 silly mapToRegistry   scope: null,
46 silly mapToRegistry   name: 'cloc',
46 silly mapToRegistry   rawSpec: '',
46 silly mapToRegistry   spec: 'latest',
46 silly mapToRegistry   type: 'tag' }
47 silly mapToRegistry uri https://registry.npmjs.org/cloc
48 verbose addNameTag registry:https://registry.npmjs.org/cloc not in flight; fetching
49 verbose get https://registry.npmjs.org/cloc not expired, no request
50 silly addNameTag next cb for cloc with tag latest
51 silly addNamed cloc@2.1.0
52 verbose addNamed "2.1.0" is a plain semver version for cloc
53 silly mapToRegistry name cloc
54 silly mapToRegistry using default registry
55 silly mapToRegistry registry https://registry.npmjs.org/
56 silly mapToRegistry data Result {
56 silly mapToRegistry   raw: 'cloc',
56 silly mapToRegistry   scope: null,
56 silly mapToRegistry   name: 'cloc',
56 silly mapToRegistry   rawSpec: '',
56 silly mapToRegistry   spec: 'latest',
56 silly mapToRegistry   type: 'tag' }
57 silly mapToRegistry uri https://registry.npmjs.org/cloc
58 verbose addRemoteTarball https://registry.npmjs.org/cloc/-/cloc-2.1.0.tgz not in flight; adding
59 verbose addRemoteTarball [ 'https://registry.npmjs.org/cloc/-/cloc-2.1.0.tgz',
59 verbose addRemoteTarball   '0fca7e9dd57873a38adc5bd74e4d4dc968e3bf5c' ]
60 info retry fetch attempt 1 at 3:52:18 AM
61 info attempt registry request try #1 at 3:52:18 AM
62 http fetch GET https://registry.npmjs.org/cloc/-/cloc-2.1.0.tgz
63 http fetch 200 https://registry.npmjs.org/cloc/-/cloc-2.1.0.tgz
64 info retry will retry, error on last attempt: Error: read ECONNRESET
65 info retry will retry, error on last attempt: Error: read ECONNRESET
66 silly fetchAndShaCheck shasum 0fca7e9dd57873a38adc5bd74e4d4dc968e3bf5c
67 silly rollbackFailedOptional Starting
68 silly rollbackFailedOptional Finishing
69 silly runTopLevelLifecycles Starting
70 silly runTopLevelLifecycles Finishing
71 silly install printInstalled
72 verbose stack Error: shasum check failed for C:\Users\achab\AppData\Local\Temp\npm-3648-b2555c52\registry.npmjs.org\cloc\-\cloc-2.1.0.tgz
72 verbose stack Expected: 0fca7e9dd57873a38adc5bd74e4d4dc968e3bf5c
72 verbose stack Actual:   545467c47fb6620143c1e28c135447f512d753cc
72 verbose stack From:     https://registry.npmjs.org/cloc/-/cloc-2.1.0.tgz
72 verbose stack     at C:\Program Files\nodejs\node_modules\npm\node_modules\sha\index.js:25:8
72 verbose stack     at ReadStream.<anonymous> (C:\Program Files\nodejs\node_modules\npm\node_modules\sha\index.js:72:7)
72 verbose stack     at emitNone (events.js:85:20)
72 verbose stack     at ReadStream.emit (events.js:179:7)
72 verbose stack     at endReadableNT (_stream_readable.js:913:12)
72 verbose stack     at _combinedTickCallback (internal/process/next_tick.js:74:11)
72 verbose stack     at process._tickCallback (internal/process/next_tick.js:98:9)
73 verbose cwd C:\Users\achab\IdeaProjects\vod
74 error Windows_NT 10.0.14393
75 error argv "C:\\Program Files\\nodejs\\node.exe" "C:\\Program Files\\nodejs\\node_modules\\npm\\bin\\npm-cli.js" "install" "-g" "cloc"
76 error node v5.10.0
77 error npm  v3.8.3
78 error shasum check failed for C:\Users\achab\AppData\Local\Temp\npm-3648-b2555c52\registry.npmjs.org\cloc\-\cloc-2.1.0.tgz
78 error Expected: 0fca7e9dd57873a38adc5bd74e4d4dc968e3bf5c
78 error Actual:   545467c47fb6620143c1e28c135447f512d753cc
78 error From:     https://registry.npmjs.org/cloc/-/cloc-2.1.0.tgz
79 error If you need help, you may report this error at:
79 error     <https://github.com/npm/npm/issues>
80 verbose exit [ 1, true ]
